<?xml version="1.0" encoding="UTF-8"?>
<!-- Generated by org.testng.reporters.JUnitXMLReporter -->
<testsuite hostname="TP-LAP0037" ignored="0" name="Firefox" tests="2" failures="0" timestamp="2021-10-14T00:43:43 IST" time="35.187" errors="0">
  <testcase name="@BeforeTest TestSetup" time="0.2" classname="com.NurseUser_Execution_Classes.NurseUser_MyWorkOrders_AutoTestingForm1">
    <failure type="java.lang.NullPointerException">
      <![CDATA[java.lang.NullPointerException
at com.Utils.ExcelConnection.columnDictionary(ExcelConnection.java:129)
at com.NurseUser.PagesData.NurseUser_LoginPageData.<init>(NurseUser_LoginPageData.java:19)
at com.NurseUser_Execution_Classes.NurseUser_MyWorkOrders_AutoTestingForm1.TestSetup(NurseUser_MyWorkOrders_AutoTestingForm1.java:59)
at java.util.concurrent.FutureTask.run(Unknown Source)
at java.util.concurrent.ThreadPoolExecutor.runWorker(Unknown Source)
at java.util.concurrent.ThreadPoolExecutor$Worker.run(Unknown Source)
at java.lang.Thread.run(Unknown Source)
... Removed 15 stack frames]]>
    </failure>
  </testcase> <!-- @BeforeTest TestSetup -->
  <testcase name="@BeforeTest TestSetup" time="0.2" classname="com.NurseUser_Execution_Classes.NurseUser_MyWorkOrders_AutoTestingForm1">
    <failure type="java.lang.NullPointerException">
      <![CDATA[java.lang.NullPointerException
at com.Utils.ExcelConnection.columnDictionary(ExcelConnection.java:129)
at com.NurseUser.PagesData.NurseUser_LoginPageData.<init>(NurseUser_LoginPageData.java:19)
at com.NurseUser_Execution_Classes.NurseUser_MyWorkOrders_AutoTestingForm1.TestSetup(NurseUser_MyWorkOrders_AutoTestingForm1.java:59)
at java.util.concurrent.FutureTask.run(Unknown Source)
at java.util.concurrent.ThreadPoolExecutor.runWorker(Unknown Source)
at java.util.concurrent.ThreadPoolExecutor$Worker.run(Unknown Source)
at java.lang.Thread.run(Unknown Source)
... Removed 15 stack frames]]>
    </failure>
  </testcase> <!-- @BeforeTest TestSetup -->
  <testcase name="@AfterTest CloseTest" time="-1.6341524225E9" classname="com.AdminUser_Execution_Classes.AdminUser_NewWorkOrder_AutomationTesting">
    <skipped/>
  </testcase> <!-- @AfterTest CloseTest -->
  <testcase name="@AfterTest CloseTest" time="-1.6341524225E9" classname="com.AdminUser_Execution_Classes.AdminUser_NewWorkOrder_AutomationTesting">
    <skipped/>
  </testcase> <!-- @AfterTest CloseTest -->
  <testcase name="@AfterTest CloseTest" time="-1.634152422515E9" classname="com.NurseUser_Execution_Classes.NurseUser_MyWorkOrders_AutoTestingForm1">
    <skipped/>
  </testcase> <!-- @AfterTest CloseTest -->
  <testcase name="@AfterTest CloseTest" time="-1.634152422515E9" classname="com.NurseUser_Execution_Classes.NurseUser_MyWorkOrders_AutoTestingForm1">
    <skipped/>
  </testcase> <!-- @AfterTest CloseTest -->
  <testcase name="LaunchGoClinicalAPP" time="0.0" classname="com.AdminUser_Execution_Classes.AdminUser_NewWorkOrder_AutomationTesting">
    <skipped/>
  </testcase> <!-- LaunchGoClinicalAPP -->
  <testcase name="LaunchGoClinicalAPP" time="0.0" classname="com.NurseUser_Execution_Classes.NurseUser_MyWorkOrders_AutoTestingForm1">
    <skipped/>
  </testcase> <!-- LaunchGoClinicalAPP -->
</testsuite> <!-- Firefox -->
