<?xml version="1.0" encoding="UTF-8"?>
<!-- Generated by org.testng.reporters.JUnitXMLReporter -->
<testsuite hostname="TP-LAP0037" ignored="0" name="IE" tests="3" failures="0" timestamp="2021-10-15T19:05:34 IST" time="7.406" errors="0">
  <testcase name="@BeforeTest TestSetup" time="0.009" classname="com.AdminUser_Execution_Classes.AdminUser_ReviewRecords">
    <failure type="java.lang.NullPointerException">
      <![CDATA[java.lang.NullPointerException
at com.Utils.ExcelConnection.columnDictionary(ExcelConnection.java:129)
at com.AdminUser.PagesData.AdminUser_LoginPageData.<init>(AdminUser_LoginPageData.java:19)
at com.AdminUser_Execution_Classes.AdminUser_ReviewRecords.TestSetup(AdminUser_ReviewRecords.java:55)
at java.util.concurrent.FutureTask.run(Unknown Source)
at java.util.concurrent.ThreadPoolExecutor.runWorker(Unknown Source)
at java.util.concurrent.ThreadPoolExecutor$Worker.run(Unknown Source)
at java.lang.Thread.run(Unknown Source)
... Removed 15 stack frames]]>
    </failure>
  </testcase> <!-- @BeforeTest TestSetup -->
  <testcase name="@BeforeTest TestSetup" time="-1.634304934162E9" classname="com.NurseUser_Execution_Classes.NurseUser_MyWorkOrders_AutoTestingForm1">
    <skipped/>
  </testcase> <!-- @BeforeTest TestSetup -->
  <testcase name="@AfterTest CloseTest" time="-1.634304934251E9" classname="com.AdminUser_Execution_Classes.AdminUser_NewWorkOrder_AutomationTesting">
    <skipped/>
  </testcase> <!-- @AfterTest CloseTest -->
  <testcase name="@AfterTest CloseTest" time="-1.634304934255E9" classname="com.AdminUser_Execution_Classes.AdminUser_ReviewRecords">
    <skipped/>
  </testcase> <!-- @AfterTest CloseTest -->
  <testcase name="@AfterTest CloseTest" time="-1.634304934258E9" classname="com.NurseUser_Execution_Classes.NurseUser_MyWorkOrders_AutoTestingForm1">
    <skipped/>
  </testcase> <!-- @AfterTest CloseTest -->
  <testcase name="LaunchGoClinicalAPP" time="0.0" classname="com.AdminUser_Execution_Classes.AdminUser_NewWorkOrder_AutomationTesting">
    <skipped/>
  </testcase> <!-- LaunchGoClinicalAPP -->
  <testcase name="LaunchGoClinicalAPP" time="0.0" classname="com.NurseUser_Execution_Classes.NurseUser_MyWorkOrders_AutoTestingForm1">
    <skipped/>
  </testcase> <!-- LaunchGoClinicalAPP -->
  <testcase name="LaunchGoClinicalAPP" time="0.0" classname="com.AdminUser_Execution_Classes.AdminUser_ReviewRecords">
    <skipped/>
  </testcase> <!-- LaunchGoClinicalAPP -->
</testsuite> <!-- IE -->
