<?xml version="1.0" encoding="UTF-8"?>
<!-- Generated by org.testng.reporters.JUnitXMLReporter -->
<testsuite hostname="TP-LAP0037" ignored="0" name="Test1" tests="1" failures="0" timestamp="2021-10-14T05:02:28 IST" time="0.548" errors="0">
  <testcase name="@BeforeTest TestSetup" time="0.47" classname="com.AdminUser_Execution_Classes.AdminUser_NewWorkOrder_AutomationTesting">
    <failure type="java.lang.NullPointerException">
      <![CDATA[java.lang.NullPointerException
at com.Utils.ExcelConnection.columnDictionary(ExcelConnection.java:129)
at com.AdminUser.PagesData.AdminUser_LoginPageData.<init>(AdminUser_LoginPageData.java:19)
at com.AdminUser_Execution_Classes.AdminUser_NewWorkOrder_AutomationTesting.TestSetup(AdminUser_NewWorkOrder_AutomationTesting.java:57)
... Removed 24 stack frames]]>
    </failure>
  </testcase> <!-- @BeforeTest TestSetup -->
  <testcase name="@AfterTest CloseTest" time="-1.634167947893E9" classname="com.AdminUser_Execution_Classes.AdminUser_NewWorkOrder_AutomationTesting">
    <skipped/>
  </testcase> <!-- @AfterTest CloseTest -->
  <testcase name="LaunchGoClinicalAPP" time="0.0" classname="com.AdminUser_Execution_Classes.AdminUser_NewWorkOrder_AutomationTesting">
    <skipped/>
  </testcase> <!-- LaunchGoClinicalAPP -->
</testsuite> <!-- Test1 -->
