<?xml version="1.0" encoding="UTF-8"?>
<!-- Generated by org.testng.reporters.JUnitXMLReporter -->
<testsuite hostname="TP-LAP0037" ignored="0" name="Test2" tests="1" failures="0" timestamp="2021-10-15T18:27:39 IST" time="0.013" errors="0">
  <testcase name="@BeforeTest TestSetup" time="0.003" classname="com.NurseUser_Execution_Classes.NurseUser_MyWorkOrders_AutoTestingForm1">
    <failure type="java.lang.NullPointerException">
      <![CDATA[java.lang.NullPointerException
at com.Utils.ExcelConnection.columnDictionary(ExcelConnection.java:129)
at com.NurseUser.PagesData.NurseUser_LoginPageData.<init>(NurseUser_LoginPageData.java:19)
at com.NurseUser_Execution_Classes.NurseUser_MyWorkOrders_AutoTestingForm1.TestSetup(NurseUser_MyWorkOrders_AutoTestingForm1.java:61)
... Removed 24 stack frames]]>
    </failure>
  </testcase> <!-- @BeforeTest TestSetup -->
  <testcase name="@AfterTest CloseTest" time="-1.634302659141E9" classname="com.NurseUser_Execution_Classes.NurseUser_MyWorkOrders_AutoTestingForm1">
    <skipped/>
  </testcase> <!-- @AfterTest CloseTest -->
  <testcase name="LaunchGoClinicalAPP" time="0.0" classname="com.NurseUser_Execution_Classes.NurseUser_MyWorkOrders_AutoTestingForm1">
    <skipped/>
  </testcase> <!-- LaunchGoClinicalAPP -->
</testsuite> <!-- Test2 -->
